<?xml version="1.0" encoding="UTF-8"?>
<coverage generated="1535992863036" clover="3.2.0">
  <project timestamp="1535992863036" name="All files">
    <metrics statements="16" coveredstatements="16" conditionals="8" coveredconditionals="7" methods="2" coveredmethods="2" elements="26" coveredelements="25" complexity="0" loc="16" ncloc="16" packages="1" files="1" classes="1">
      <file name="index.js" path="C:\Users\denis\Desktop\dc-link-catcher-lib\index.js">
        <metrics statements="16" coveredstatements="16" conditionals="8" coveredconditionals="7" methods="2" coveredmethods="2"/>
        <line num="1" count="1" type="stmt"/>
        <line num="3" count="1" type="stmt"/>
        <line num="4" count="8" type="cond" truecount="2" falsecount="0"/>
        <line num="5" count="1" type="stmt"/>
        <line num="8" count="7" type="cond" truecount="2" falsecount="0"/>
        <line num="9" count="1" type="stmt"/>
        <line num="12" count="6" type="cond" truecount="2" falsecount="0"/>
        <line num="13" count="1" type="stmt"/>
        <line num="16" count="5" type="cond" truecount="1" falsecount="1"/>
        <line num="17" count="5" type="stmt"/>
        <line num="18" count="5" type="stmt"/>
        <line num="19" count="5" type="stmt"/>
        <line num="20" count="5" type="stmt"/>
        <line num="21" count="5" type="stmt"/>
        <line num="22" count="7" type="stmt"/>
        <line num="24" count="5" type="stmt"/>
      </file>
    </metrics>
  </project>
</coverage>
