<?xml version="1.0" ?>
<!DOCTYPE coverage SYSTEM "http://cobertura.sourceforge.net/xml/coverage-04.dtd">
<coverage lines-valid="16" lines-covered="16" line-rate="1" branches-valid="8" branches-covered="7" branch-rate="0.875" timestamp="1535992843334" complexity="0" version="0.1">
  <sources>
    <source>C:\Users\denis\Desktop\dc-link-catcher-lib</source>
  </sources>
  <packages>
    <class name="index.js" filename="index.js" line-rate="1" branch-rate="0.875">
      <methods>
        <method name="(anonymous_0)" hits="8" signature="()V">
          <lines>
            <line number="3" hits="8"/>
          </lines>
        </method>
        <method name="(anonymous_1)" hits="7" signature="()V">
          <lines>
            <line number="21" hits="7"/>
          </lines>
        </method>
      </methods>
      <lines>
        <line number="1" hits="1" branch="false"/>
        <line number="3" hits="1" branch="false"/>
        <line number="4" hits="8" branch="true" condition-coverage="100% (2/2)"/>
        <line number="5" hits="1" branch="false"/>
        <line number="8" hits="7" branch="true" condition-coverage="100% (2/2)"/>
        <line number="9" hits="1" branch="false"/>
        <line number="12" hits="6" branch="true" condition-coverage="100% (2/2)"/>
        <line number="13" hits="1" branch="false"/>
        <line number="16" hits="5" branch="true" condition-coverage="50% (1/2)"/>
        <line number="17" hits="5" branch="false"/>
        <line number="18" hits="5" branch="false"/>
        <line number="19" hits="5" branch="false"/>
        <line number="20" hits="5" branch="false"/>
        <line number="21" hits="5" branch="false"/>
        <line number="22" hits="7" branch="false"/>
        <line number="24" hits="5" branch="false"/>
      </lines>
    </class>
  </packages>
</coverage>
