{"C:\\Users\\denis\\Desktop\\dc-link-catcher-lib\\index.js": {"path":"C:\\Users\\denis\\Desktop\\dc-link-catcher-lib\\index.js","statementMap":{"0":{"start":{"line":1,"column":10},"end":{"line":1,"column":27}},"1":{"start":{"line":3,"column":0},"end":{"line":26,"column":2}},"2":{"start":{"line":4,"column":2},"end":{"line":6,"column":3}},"3":{"start":{"line":5,"column":4},"end":{"line":5,"column":46}},"4":{"start":{"line":8,"column":2},"end":{"line":10,"column":3}},"5":{"start":{"line":9,"column":4},"end":{"line":9,"column":72}},"6":{"start":{"line":12,"column":2},"end":{"line":14,"column":3}},"7":{"start":{"line":13,"column":4},"end":{"line":13,"column":54}},"8":{"start":{"line":16,"column":2},"end":{"line":25,"column":3}},"9":{"start":{"line":17,"column":28},"end":{"line":17,"column":104}},"10":{"start":{"line":18,"column":29},"end":{"line":18,"column":60}},"11":{"start":{"line":19,"column":14},"end":{"line":19,"column":43}},"12":{"start":{"line":20,"column":19},"end":{"line":20,"column":49}},"13":{"start":{"line":21,"column":17},"end":{"line":23,"column":6}},"14":{"start":{"line":22,"column":6},"end":{"line":22,"column":37}},"15":{"start":{"line":24,"column":4},"end":{"line":24,"column":18}}},"fnMap":{"0":{"name":"(anonymous_0)","decl":{"start":{"line":3,"column":25},"end":{"line":3,"column":26}},"loc":{"start":{"line":3,"column":33},"end":{"line":26,"column":1}},"line":3},"1":{"name":"(anonymous_1)","decl":{"start":{"line":21,"column":42},"end":{"line":21,"column":43}},"loc":{"start":{"line":21,"column":57},"end":{"line":23,"column":5}},"line":21}},"branchMap":{"0":{"loc":{"start":{"line":4,"column":2},"end":{"line":6,"column":3}},"type":"if","locations":[{"start":{"line":4,"column":2},"end":{"line":6,"column":3}},{"start":{"line":4,"column":2},"end":{"line":6,"column":3}}],"line":4},"1":{"loc":{"start":{"line":8,"column":2},"end":{"line":10,"column":3}},"type":"if","locations":[{"start":{"line":8,"column":2},"end":{"line":10,"column":3}},{"start":{"line":8,"column":2},"end":{"line":10,"column":3}}],"line":8},"2":{"loc":{"start":{"line":12,"column":2},"end":{"line":14,"column":3}},"type":"if","locations":[{"start":{"line":12,"column":2},"end":{"line":14,"column":3}},{"start":{"line":12,"column":2},"end":{"line":14,"column":3}}],"line":12},"3":{"loc":{"start":{"line":16,"column":2},"end":{"line":25,"column":3}},"type":"if","locations":[{"start":{"line":16,"column":2},"end":{"line":25,"column":3}},{"start":{"line":16,"column":2},"end":{"line":25,"column":3}}],"line":16}},"s":{"0":1,"1":1,"2":8,"3":1,"4":7,"5":1,"6":6,"7":1,"8":5,"9":5,"10":5,"11":5,"12":5,"13":5,"14":7,"15":5},"f":{"0":8,"1":7},"b":{"0":[1,7],"1":[1,6],"2":[1,5],"3":[5,0]},"_coverageSchema":"d34fc3e6b8297bcde183f5492bcb8fcb36775295","hash":"feb3134a8184419a35366e92b4005b7ae3039e14","contentHash":"ed5f13307a1cdfe0856fcdad02f0c0ad"}
}
